<?xml version="1.0" encoding="UTF-8"?>
<!-- Generated by org.testng.reporters.JUnitReportReporter -->
<testsuite hostname="SSIIN-174.local" failures="0" tests="1" name="com.jobma.qa.test.AddNewInterviewKitPageTest" time="350.089" errors="0" timestamp="2023-09-18T17:02:32 IST" skipped="0">
  <testcase classname="com.jobma.qa.test.AddNewInterviewKitPageTest" name="firstKitTest" time="350.089"/>
</testsuite> <!-- com.jobma.qa.test.AddNewInterviewKitPageTest -->
